{"name": "test", "status": "broken", "statusDetails": {"message": "selenium.common.exceptions.TimeoutException: Message: \nStacktrace:\n\tGetHandleVerifier [0x00007FF7243E6CB5+28821]\n\t(No symbol) [0x00007FF724353840]\n\t(No symbol) [0x00007FF7241F578A]\n\t(No symbol) [0x00007FF7242491BE]\n\t(No symbol) [0x00007FF7242494AC]\n\t(No symbol) [0x00007FF724292647]\n\t(No symbol) [0x00007FF72426F33F]\n\t(No symbol) [0x00007FF72428F412]\n\t(No symbol) [0x00007FF72426F0A3]\n\t(No symbol) [0x00007FF72423A778]\n\t(No symbol) [0x00007FF72423B8E1]\n\tGetHandleVerifier [0x00007FF72471FCAD+3408013]\n\tGetHandleVerifier [0x00007FF72473741F+3504127]\n\tGetHandleVerifier [0x00007FF72472B5FD+3455453]\n\tGetHandleVerifier [0x00007FF7244ABDBB+835995]\n\t(No symbol) [0x00007FF72435EB5F]\n\t(No symbol) [0x00007FF72435A814]\n\t(No symbol) [0x00007FF72435A9AD]\n\t(No symbol) [0x00007FF72434A199]\n\tBaseThreadInitThunk [0x00007FFDE2DB259D+29]\n\tRtlUserThreadStart [0x00007FFDE342AF38+40]", "trace": "def test():\n        driver.get(\"https://stellarburgers.nomoreparties.site/\")\n>       print(BasePage(driver).get_text_from_element(locator))\n\nsearch_locators.py:19: \n_ _ _ _ _ _ _ _ _ _ _ _ _ _ _ _ _ _ _ _ _ _ _ _ _ _ _ _ _ _ _ _ _ _ _ _ _ _ _ _\npages\\base_page.py:80: in get_text_from_element\n    return self.find_element_with_wait(locator).text\npages\\base_page.py:54: in find_element_with_wait\n    WebDriverWait(self.driver, 5).until(expected_conditions.visibility_of_element_located(locator))\n_ _ _ _ _ _ _ _ _ _ _ _ _ _ _ _ _ _ _ _ _ _ _ _ _ _ _ _ _ _ _ _ _ _ _ _ _ _ _ _\n\nself = <selenium.webdriver.support.wait.WebDriverWait (session=\"e051b1f747b4da4a97c14b0c33b8f409\")>\nmethod = <function visibility_of_element_located.<locals>._predicate at 0x000001F9184AACA0>\nmessage = ''\n\n    def until(self, method: Callable[[D], Union[Literal[False], T]], message: str = \"\") -> T:\n        \"\"\"Calls the method provided with the driver as an argument until the \\\n        return value does not evaluate to ``False``.\n    \n        :param method: callable(WebDriver)\n        :param message: optional message for :exc:`TimeoutException`\n        :returns: the result of the last call to `method`\n        :raises: :exc:`selenium.common.exceptions.TimeoutException` if timeout occurs\n        \"\"\"\n        screen = None\n        stacktrace = None\n    \n        end_time = time.monotonic() + self._timeout\n        while True:\n            try:\n                value = method(self._driver)\n                if value:\n                    return value\n            except self._ignored_exceptions as exc:\n                screen = getattr(exc, \"screen\", None)\n                stacktrace = getattr(exc, \"stacktrace\", None)\n            time.sleep(self._poll)\n            if time.monotonic() > end_time:\n                break\n>       raise TimeoutException(message, screen, stacktrace)\nE       selenium.common.exceptions.TimeoutException: Message: \nE       Stacktrace:\nE       \tGetHandleVerifier [0x00007FF7243E6CB5+28821]\nE       \t(No symbol) [0x00007FF724353840]\nE       \t(No symbol) [0x00007FF7241F578A]\nE       \t(No symbol) [0x00007FF7242491BE]\nE       \t(No symbol) [0x00007FF7242494AC]\nE       \t(No symbol) [0x00007FF724292647]\nE       \t(No symbol) [0x00007FF72426F33F]\nE       \t(No symbol) [0x00007FF72428F412]\nE       \t(No symbol) [0x00007FF72426F0A3]\nE       \t(No symbol) [0x00007FF72423A778]\nE       \t(No symbol) [0x00007FF72423B8E1]\nE       \tGetHandleVerifier [0x00007FF72471FCAD+3408013]\nE       \tGetHandleVerifier [0x00007FF72473741F+3504127]\nE       \tGetHandleVerifier [0x00007FF72472B5FD+3455453]\nE       \tGetHandleVerifier [0x00007FF7244ABDBB+835995]\nE       \t(No symbol) [0x00007FF72435EB5F]\nE       \t(No symbol) [0x00007FF72435A814]\nE       \t(No symbol) [0x00007FF72435A9AD]\nE       \t(No symbol) [0x00007FF72434A199]\nE       \tBaseThreadInitThunk [0x00007FFDE2DB259D+29]\nE       \tRtlUserThreadStart [0x00007FFDE342AF38+40]\n\n..\\..\\Projects\\qa_python\\venv\\Lib\\site-packages\\selenium\\webdriver\\support\\wait.py:105: TimeoutException"}, "start": 1732876113611, "stop": 1732876119423, "uuid": "fb99b9d4-5351-48b5-a139-c687aece0d69", "historyId": "258540c0511d53b64784940a8daa9a69", "testCaseId": "258540c0511d53b64784940a8daa9a69", "fullName": "search_locators#test", "labels": [{"name": "suite", "value": "search_locators"}, {"name": "host", "value": "Konstantin"}, {"name": "thread", "value": "11536-MainThread"}, {"name": "framework", "value": "pytest"}, {"name": "language", "value": "cpython3"}, {"name": "package", "value": "search_locators"}]}