{"name": "Ввод почты и клик по кнопке «Восстановить»", "status": "broken", "statusDetails": {"message": "selenium.common.exceptions.TimeoutException: Message:", "trace": "self = <tests.test_restore_password.TestRestorePassword object at 0x000002112DC2B3B0>, driver = <selenium.webdriver.chrome.webdriver.WebDriver (session=\"2e350c92103fb4f435fec1a2e58127c8\")>\n\n    @allure.title(\"Ввод почты и клик по кнопке «Восстановить»\")\n    def test_reset_password(self, driver):\n>       restore_password = RestorePassword(driver).reset_password()\n\ntests\\test_restore_password.py:17: \n_ _ _ _ _ _ _ _ _ _ _ _ _ _ _ _ _ _ _ _ _ _ _ _ _ _ _ _ _ _ _ _ _ _ _ _ _ _ _ _ _ _ _ _ _ _ _ _ _ _ _ _ _ _ _ _ _ _ _ _ _ _ _ _ _ _ _ _ _ _ _ _ _ _ _ _ _ _ _ _ _ _ _ _ _ _ _ _ _ _ _ _ _ _ _ _ _ _ _ _ _ _ _ _ _ _ _ _ _ _ _ _ _ _ _ _ _ _ _ _ _ _ _ _ _ _ _ _ _ _ _ _ _ _ _ _ _ _ _ _ _ _ _ _ _ _ _ _ _ _ _ _ _ _\npages\\restore_password.py:24: in reset_password\n    self.move_to_element_and_click(OVERLAY_MODAL_WINDOW_CLOSE)\npages\\base_page.py:49: in move_to_element_and_click\n    element = self.find_element_with_wait(locator)\npages\\base_page.py:54: in find_element_with_wait\n    WebDriverWait(self.driver, 5).until(expected_conditions.visibility_of_element_located(locator))\n_ _ _ _ _ _ _ _ _ _ _ _ _ _ _ _ _ _ _ _ _ _ _ _ _ _ _ _ _ _ _ _ _ _ _ _ _ _ _ _ _ _ _ _ _ _ _ _ _ _ _ _ _ _ _ _ _ _ _ _ _ _ _ _ _ _ _ _ _ _ _ _ _ _ _ _ _ _ _ _ _ _ _ _ _ _ _ _ _ _ _ _ _ _ _ _ _ _ _ _ _ _ _ _ _ _ _ _ _ _ _ _ _ _ _ _ _ _ _ _ _ _ _ _ _ _ _ _ _ _ _ _ _ _ _ _ _ _ _ _ _ _ _ _ _ _ _ _ _ _ _ _ _ _\n\nself = <selenium.webdriver.support.wait.WebDriverWait (session=\"2e350c92103fb4f435fec1a2e58127c8\")>, method = <function visibility_of_element_located.<locals>._predicate at 0x000002112DF718A0>, message = ''\n\n    def until(self, method: Callable[[D], Union[Literal[False], T]], message: str = \"\") -> T:\n        \"\"\"Calls the method provided with the driver as an argument until the \\\n        return value does not evaluate to ``False``.\n    \n        :param method: callable(WebDriver)\n        :param message: optional message for :exc:`TimeoutException`\n        :returns: the result of the last call to `method`\n        :raises: :exc:`selenium.common.exceptions.TimeoutException` if timeout occurs\n        \"\"\"\n        screen = None\n        stacktrace = None\n    \n        end_time = time.monotonic() + self._timeout\n        while True:\n            try:\n                value = method(self._driver)\n                if value:\n                    return value\n            except self._ignored_exceptions as exc:\n                screen = getattr(exc, \"screen\", None)\n                stacktrace = getattr(exc, \"stacktrace\", None)\n            time.sleep(self._poll)\n            if time.monotonic() > end_time:\n                break\n>       raise TimeoutException(message, screen, stacktrace)\nE       selenium.common.exceptions.TimeoutException: Message:\n\n..\\..\\Projects\\qa_python\\venv\\Lib\\site-packages\\selenium\\webdriver\\support\\wait.py:105: TimeoutException"}, "steps": [{"name": "Открываю страницу смены пароля", "status": "passed", "start": 1732878665836, "stop": 1732878667602}, {"name": "Ввожу email в поле восстановления email", "status": "passed", "start": 1732878667602, "stop": 1732878667695}, {"name": "Закрываю модальное окно", "status": "broken", "statusDetails": {"message": "selenium.common.exceptions.TimeoutException: Message: \n\n", "trace": "  File \"C:\\Users\\redpr\\Desktop\\Diplom_Kuznetsov_Konstantin_14\\Diplom_3\\pages\\restore_password.py\", line 24, in reset_password\n    self.move_to_element_and_click(OVERLAY_MODAL_WINDOW_CLOSE)\n  File \"C:\\Users\\redpr\\Desktop\\Diplom_Kuznetsov_Konstantin_14\\Diplom_3\\pages\\base_page.py\", line 49, in move_to_element_and_click\n    element = self.find_element_with_wait(locator)\n              ^^^^^^^^^^^^^^^^^^^^^^^^^^^^^^^^^^^^\n  File \"C:\\Users\\redpr\\Desktop\\Diplom_Kuznetsov_Konstantin_14\\Diplom_3\\pages\\base_page.py\", line 54, in find_element_with_wait\n    WebDriverWait(self.driver, 5).until(expected_conditions.visibility_of_element_located(locator))\n  File \"C:\\Users\\redpr\\Desktop\\Projects\\qa_python\\venv\\Lib\\site-packages\\selenium\\webdriver\\support\\wait.py\", line 105, in until\n    raise TimeoutException(message, screen, stacktrace)\n"}, "start": 1732878667695, "stop": 1732878672830}], "parameters": [{"name": "driver", "value": "'chrome'"}], "start": 1732878665835, "stop": 1732878672830, "uuid": "1f9285e9-f67d-4fef-8296-899282a5d724", "historyId": "45db7269334b1a4727d7259312d63e58", "testCaseId": "1fd10401d3da49c90ec2501a69dce5d8", "fullName": "tests.test_restore_password.TestRestorePassword#test_reset_password", "labels": [{"name": "subSuite", "value": "Тесты"}, {"name": "suite", "value": "Страница восстановления пароля"}, {"name": "parentSuite", "value": "tests"}, {"name": "host", "value": "Konstantin"}, {"name": "thread", "value": "13128-MainThread"}, {"name": "framework", "value": "pytest"}, {"name": "language", "value": "cpython3"}, {"name": "package", "value": "tests.test_restore_password"}]}