{"name": "Переход на страницу восстановления пароля по кнопке «Восстановить пароль", "status": "broken", "statusDetails": {"message": "selenium.common.exceptions.TimeoutException: Message:", "trace": "self = <tests.test_restore_password.TestRestorePassword object at 0x000002112DC2B080>, driver = <selenium.webdriver.chrome.webdriver.WebDriver (session=\"a24751735f1c06b676d8e94f9fb91203\")>\n\n    @allure.title(\"Переход на страницу восстановления пароля по кнопке «Восстановить пароль\")\n    def test_redirect_from_button(self, driver):\n>       restore_password = RestorePassword(driver).redirect_from_button()\n\ntests\\test_restore_password.py:12: \n_ _ _ _ _ _ _ _ _ _ _ _ _ _ _ _ _ _ _ _ _ _ _ _ _ _ _ _ _ _ _ _ _ _ _ _ _ _ _ _ _ _ _ _ _ _ _ _ _ _ _ _ _ _ _ _ _ _ _ _ _ _ _ _ _ _ _ _ _ _ _ _ _ _ _ _ _ _ _ _ _ _ _ _ _ _ _ _ _ _ _ _ _ _ _ _ _ _ _ _ _ _ _ _ _ _ _ _ _ _ _ _ _ _ _ _ _ _ _ _ _ _ _ _ _ _ _ _ _ _ _ _ _ _ _ _ _ _ _ _ _ _ _ _ _ _ _ _ _ _ _ _ _ _\npages\\restore_password.py:12: in redirect_from_button\n    self.move_to_element_and_click(OVERLAY_MODAL_WINDOW_CLOSE)\npages\\base_page.py:49: in move_to_element_and_click\n    element = self.find_element_with_wait(locator)\npages\\base_page.py:54: in find_element_with_wait\n    WebDriverWait(self.driver, 5).until(expected_conditions.visibility_of_element_located(locator))\n_ _ _ _ _ _ _ _ _ _ _ _ _ _ _ _ _ _ _ _ _ _ _ _ _ _ _ _ _ _ _ _ _ _ _ _ _ _ _ _ _ _ _ _ _ _ _ _ _ _ _ _ _ _ _ _ _ _ _ _ _ _ _ _ _ _ _ _ _ _ _ _ _ _ _ _ _ _ _ _ _ _ _ _ _ _ _ _ _ _ _ _ _ _ _ _ _ _ _ _ _ _ _ _ _ _ _ _ _ _ _ _ _ _ _ _ _ _ _ _ _ _ _ _ _ _ _ _ _ _ _ _ _ _ _ _ _ _ _ _ _ _ _ _ _ _ _ _ _ _ _ _ _ _\n\nself = <selenium.webdriver.support.wait.WebDriverWait (session=\"a24751735f1c06b676d8e94f9fb91203\")>, method = <function visibility_of_element_located.<locals>._predicate at 0x000002112DF342C0>, message = ''\n\n    def until(self, method: Callable[[D], Union[Literal[False], T]], message: str = \"\") -> T:\n        \"\"\"Calls the method provided with the driver as an argument until the \\\n        return value does not evaluate to ``False``.\n    \n        :param method: callable(WebDriver)\n        :param message: optional message for :exc:`TimeoutException`\n        :returns: the result of the last call to `method`\n        :raises: :exc:`selenium.common.exceptions.TimeoutException` if timeout occurs\n        \"\"\"\n        screen = None\n        stacktrace = None\n    \n        end_time = time.monotonic() + self._timeout\n        while True:\n            try:\n                value = method(self._driver)\n                if value:\n                    return value\n            except self._ignored_exceptions as exc:\n                screen = getattr(exc, \"screen\", None)\n                stacktrace = getattr(exc, \"stacktrace\", None)\n            time.sleep(self._poll)\n            if time.monotonic() > end_time:\n                break\n>       raise TimeoutException(message, screen, stacktrace)\nE       selenium.common.exceptions.TimeoutException: Message:\n\n..\\..\\Projects\\qa_python\\venv\\Lib\\site-packages\\selenium\\webdriver\\support\\wait.py:105: TimeoutException"}, "steps": [{"name": "Открываю страницу входа в аккаунт", "status": "passed", "start": 1732878641088, "stop": 1732878643079}, {"name": "Закрываю модальное окно", "status": "broken", "statusDetails": {"message": "selenium.common.exceptions.TimeoutException: Message: \n\n", "trace": "  File \"C:\\Users\\redpr\\Desktop\\Diplom_Kuznetsov_Konstantin_14\\Diplom_3\\pages\\restore_password.py\", line 12, in redirect_from_button\n    self.move_to_element_and_click(OVERLAY_MODAL_WINDOW_CLOSE)\n  File \"C:\\Users\\redpr\\Desktop\\Diplom_Kuznetsov_Konstantin_14\\Diplom_3\\pages\\base_page.py\", line 49, in move_to_element_and_click\n    element = self.find_element_with_wait(locator)\n              ^^^^^^^^^^^^^^^^^^^^^^^^^^^^^^^^^^^^\n  File \"C:\\Users\\redpr\\Desktop\\Diplom_Kuznetsov_Konstantin_14\\Diplom_3\\pages\\base_page.py\", line 54, in find_element_with_wait\n    WebDriverWait(self.driver, 5).until(expected_conditions.visibility_of_element_located(locator))\n  File \"C:\\Users\\redpr\\Desktop\\Projects\\qa_python\\venv\\Lib\\site-packages\\selenium\\webdriver\\support\\wait.py\", line 105, in until\n    raise TimeoutException(message, screen, stacktrace)\n"}, "start": 1732878643079, "stop": 1732878648214}], "parameters": [{"name": "driver", "value": "'chrome'"}], "start": 1732878641088, "stop": 1732878648214, "uuid": "8720c647-027b-4d5d-83a9-da7a2b58751e", "historyId": "571b05b9dc8255b289ba6821bd0b2f7a", "testCaseId": "a16831e4dde3ce11bc6909bce5c2c79e", "fullName": "tests.test_restore_password.TestRestorePassword#test_redirect_from_button", "labels": [{"name": "subSuite", "value": "Тесты"}, {"name": "suite", "value": "Страница восстановления пароля"}, {"name": "parentSuite", "value": "tests"}, {"name": "host", "value": "Konstantin"}, {"name": "thread", "value": "13128-MainThread"}, {"name": "framework", "value": "pytest"}, {"name": "language", "value": "cpython3"}, {"name": "package", "value": "tests.test_restore_password"}]}